0 info it worked if it ends with ok
1 verbose cli [ '/Users/vitoli/.nvm/versions/node/v6.0.0/bin/node',
1 verbose cli   '/Users/vitoli/.nvm/versions/node/v6.0.0/bin/npm',
1 verbose cli   'publish' ]
2 info using npm@3.8.6
3 info using node@v6.0.0
4 verbose publish [ '.' ]
5 silly cache add args [ '.', null ]
6 verbose cache add spec .
7 silly cache add parsed spec Result {
7 silly cache add   raw: '.',
7 silly cache add   scope: null,
7 silly cache add   name: null,
7 silly cache add   rawSpec: '.',
7 silly cache add   spec: '/Users/vitoli/uZone/skylark/skylark-slax-browser',
7 silly cache add   type: 'directory' }
8 verbose addLocalDirectory /Users/vitoli/.npm/skylark-slax-browser/0.9.1/package.tgz not in flight; packing
9 verbose correctMkdir /Users/vitoli/.npm correctMkdir not in flight; initializing
10 info lifecycle skylark-slax-browser@0.9.1~prepublish: skylark-slax-browser@0.9.1
11 silly lifecycle skylark-slax-browser@0.9.1~prepublish: no script for prepublish, continuing
12 verbose tar pack [ '/Users/vitoli/.npm/skylark-slax-browser/0.9.1/package.tgz',
12 verbose tar pack   '/Users/vitoli/uZone/skylark/skylark-slax-browser' ]
13 verbose tarball /Users/vitoli/.npm/skylark-slax-browser/0.9.1/package.tgz
14 verbose folder /Users/vitoli/uZone/skylark/skylark-slax-browser
15 verbose addLocalTarball adding from inside cache /Users/vitoli/.npm/skylark-slax-browser/0.9.1/package.tgz
16 verbose correctMkdir /Users/vitoli/.npm correctMkdir not in flight; initializing
17 silly cache afterAdd skylark-slax-browser@0.9.1
18 verbose afterAdd /Users/vitoli/.npm/skylark-slax-browser/0.9.1/package/package.json not in flight; writing
19 verbose correctMkdir /Users/vitoli/.npm correctMkdir not in flight; initializing
20 verbose afterAdd /Users/vitoli/.npm/skylark-slax-browser/0.9.1/package/package.json written
21 silly publish { name: 'skylark-slax-browser',
21 silly publish   productName: 'skylarker',
21 silly publish   version: '0.9.1',
21 silly publish   description: 'The desktop browser for skylark applicaton',
21 silly publish   main: 'main.js',
21 silly publish   scripts: { start: 'electron ./main.js' },
21 silly publish   repository:
21 silly publish    { type: 'git',
21 silly publish      url: 'git+https://github.com/skylarkjs/skylark-brower.git' },
21 silly publish   keywords: [ 'skylarker', 'desktop' ],
21 silly publish   author: { name: 'hudaokeji' },
21 silly publish   license: 'MIT',
21 silly publish   devDependencies: { electron: '^1.7.6' },
21 silly publish   dependencies:
21 silly publish    { asar: '^0.13.0',
21 silly publish      del: '^3.0.0',
21 silly publish      jszip: '^3.1.5',
21 silly publish      'zip-local': '^0.3.4' },
21 silly publish   readme: '# skylark-browser\nThe desktop browser for running skylark application\n',
21 silly publish   readmeFilename: 'README.md',
21 silly publish   gitHead: '8b8cf0dc1151437c0e97345f6682c2d3b573f2fd',
21 silly publish   bugs: { url: 'https://github.com/skylarkjs/skylark-brower/issues' },
21 silly publish   homepage: 'https://github.com/skylarkjs/skylark-brower#readme',
21 silly publish   _id: 'skylark-slax-browser@0.9.1',
21 silly publish   _shasum: 'c8c2c922b12e6f5e250b61ae4d13f0873d5194fc',
21 silly publish   _from: '.' }
22 verbose getPublishConfig undefined
23 silly mapToRegistry name skylark-slax-browser
24 silly mapToRegistry using default registry
25 silly mapToRegistry registry https://registry.npmjs.org/
26 silly mapToRegistry data Result {
26 silly mapToRegistry   raw: 'skylark-slax-browser',
26 silly mapToRegistry   scope: null,
26 silly mapToRegistry   name: 'skylark-slax-browser',
26 silly mapToRegistry   rawSpec: '',
26 silly mapToRegistry   spec: 'latest',
26 silly mapToRegistry   type: 'tag' }
27 silly mapToRegistry uri https://registry.npmjs.org/skylark-slax-browser
28 verbose publish registryBase https://registry.npmjs.org/
29 silly publish uploading /Users/vitoli/.npm/skylark-slax-browser/0.9.1/package.tgz
30 verbose request uri https://registry.npmjs.org/skylark-slax-browser
31 verbose request sending authorization for write operation
32 info attempt registry request try #1 at 2:55:21 PM
33 verbose request using bearer token for auth
34 verbose request id 3bc4c399f97bb6f7
35 http request PUT https://registry.npmjs.org/skylark-slax-browser
36 http 403 https://registry.npmjs.org/skylark-slax-browser
37 verbose headers { 'content-type': 'application/json',
37 verbose headers   'cache-control': 'max-age=300',
37 verbose headers   'content-length': '91',
37 verbose headers   'accept-ranges': 'bytes',
37 verbose headers   date: 'Mon, 27 Nov 2017 06:59:14 GMT',
37 verbose headers   via: '1.1 varnish',
37 verbose headers   connection: 'keep-alive',
37 verbose headers   'x-served-by': 'cache-nrt6138-NRT',
37 verbose headers   'x-cache': 'MISS',
37 verbose headers   'x-cache-hits': '0',
37 verbose headers   'x-timer': 'S1511765729.079297,VS0,VE225012',
37 verbose headers   vary: 'Accept-Encoding, Accept' }
38 verbose request invalidating /Users/vitoli/.npm/registry.npmjs.org/skylark-slax-browser on PUT
39 error publish Failed PUT 403
40 verbose stack Error: You cannot publish over the previously published version 0.9.1. : skylark-slax-browser
40 verbose stack     at makeError (/Users/vitoli/.nvm/versions/node/v6.0.0/lib/node_modules/npm/node_modules/npm-registry-client/lib/request.js:264:12)
40 verbose stack     at CachingRegistryClient.<anonymous> (/Users/vitoli/.nvm/versions/node/v6.0.0/lib/node_modules/npm/node_modules/npm-registry-client/lib/request.js:252:14)
40 verbose stack     at Request._callback (/Users/vitoli/.nvm/versions/node/v6.0.0/lib/node_modules/npm/node_modules/npm-registry-client/lib/request.js:172:14)
40 verbose stack     at Request.self.callback (/Users/vitoli/.nvm/versions/node/v6.0.0/lib/node_modules/npm/node_modules/request/request.js:199:22)
40 verbose stack     at emitTwo (events.js:106:13)
40 verbose stack     at Request.emit (events.js:191:7)
40 verbose stack     at Request.<anonymous> (/Users/vitoli/.nvm/versions/node/v6.0.0/lib/node_modules/npm/node_modules/request/request.js:1036:10)
40 verbose stack     at emitOne (events.js:101:20)
40 verbose stack     at Request.emit (events.js:188:7)
40 verbose stack     at IncomingMessage.<anonymous> (/Users/vitoli/.nvm/versions/node/v6.0.0/lib/node_modules/npm/node_modules/request/request.js:963:12)
41 verbose statusCode 403
42 verbose pkgid skylark-slax-browser
43 verbose cwd /Users/vitoli/uZone/skylark/skylark-slax-browser
44 error Darwin 16.7.0
45 error argv "/Users/vitoli/.nvm/versions/node/v6.0.0/bin/node" "/Users/vitoli/.nvm/versions/node/v6.0.0/bin/npm" "publish"
46 error node v6.0.0
47 error npm  v3.8.6
48 error code E403
49 error You cannot publish over the previously published version 0.9.1. : skylark-slax-browser
50 error If you need help, you may report this error at:
50 error     <https://github.com/npm/npm/issues>
51 verbose exit [ 1, true ]
